{"/Users/qwerty/Desktop/Web-app-for-hotels-and-restaurants/hot_res_djng/hot_res_app/src/components/Counter.jsx": {"path":"/Users/qwerty/Desktop/Web-app-for-hotels-and-restaurants/hot_res_djng/hot_res_app/src/components/Counter.jsx","statementMap":{"0":{"start":{"line":3,"column":16},"end":{"line":13,"column":1}},"1":{"start":{"line":4,"column":1},"end":{"line":12,"column":7}}},"fnMap":{"0":{"name":"(anonymous_0)","decl":{"start":{"line":3,"column":16},"end":{"line":3,"column":17}},"loc":{"start":{"line":4,"column":1},"end":{"line":12,"column":7}},"line":4}},"branchMap":{},"s":{"0":1,"1":0},"f":{"0":0},"b":{},"_coverageSchema":"1a1c01bbd47fc00a2c39e90264f33305004495a9","hash":"dd96ff525ad1e2c4d90b54ff9fae41cd182559d7"}
,"/Users/qwerty/Desktop/Web-app-for-hotels-and-restaurants/hot_res_djng/hot_res_app/src/styles/animations.js": {"path":"/Users/qwerty/Desktop/Web-app-for-hotels-and-restaurants/hot_res_djng/hot_res_app/src/styles/animations.js","statementMap":{"0":{"start":{"line":1,"column":38},"end":{"line":7,"column":1}},"1":{"start":{"line":2,"column":14},"end":{"line":2,"column":57}},"2":{"start":{"line":3,"column":4},"end":{"line":3,"column":34}},"3":{"start":{"line":4,"column":4},"end":{"line":6,"column":5}},"4":{"start":{"line":4,"column":19},"end":{"line":4,"column":51}},"5":{"start":{"line":9,"column":19},"end":{"line":421,"column":1}},"6":{"start":{"line":11,"column":12},"end":{"line":214,"column":5}},"7":{"start":{"line":215,"column":12},"end":{"line":418,"column":5}},"8":{"start":{"line":420,"column":4},"end":{"line":420,"column":15}},"9":{"start":{"line":425,"column":46},"end":{"line":431,"column":1}},"10":{"start":{"line":426,"column":14},"end":{"line":426,"column":71}},"11":{"start":{"line":427,"column":4},"end":{"line":427,"column":43}},"12":{"start":{"line":428,"column":4},"end":{"line":430,"column":5}},"13":{"start":{"line":428,"column":19},"end":{"line":428,"column":60}}},"fnMap":{"0":{"name":"(anonymous_0)","decl":{"start":{"line":1,"column":38},"end":{"line":1,"column":39}},"loc":{"start":{"line":1,"column":44},"end":{"line":7,"column":1}},"line":1},"1":{"name":"(anonymous_1)","decl":{"start":{"line":4,"column":15},"end":{"line":4,"column":16}},"loc":{"start":{"line":4,"column":19},"end":{"line":4,"column":51}},"line":4},"2":{"name":"(anonymous_2)","decl":{"start":{"line":9,"column":19},"end":{"line":9,"column":20}},"loc":{"start":{"line":9,"column":24},"end":{"line":421,"column":1}},"line":9},"3":{"name":"(anonymous_3)","decl":{"start":{"line":425,"column":46},"end":{"line":425,"column":47}},"loc":{"start":{"line":425,"column":52},"end":{"line":431,"column":1}},"line":425},"4":{"name":"(anonymous_4)","decl":{"start":{"line":428,"column":15},"end":{"line":428,"column":16}},"loc":{"start":{"line":428,"column":19},"end":{"line":428,"column":60}},"line":428}},"branchMap":{},"s":{"0":1,"1":0,"2":0,"3":0,"4":0,"5":1,"6":1,"7":1,"8":1,"9":1,"10":0,"11":0,"12":0,"13":0},"f":{"0":0,"1":0,"2":1,"3":0,"4":0},"b":{},"_coverageSchema":"1a1c01bbd47fc00a2c39e90264f33305004495a9","hash":"10aabffb36fbb6c1feb8bf641bc552cd664e9f00"}
}
