TN:
SF:hot_res_djng/hot_res_app/src/components/Counter.jsx
FN:3,(anonymous_0)
FNF:1
FNH:0
FNDA:0,(anonymous_0)
DA:3,1
DA:4,0
LF:2
LH:1
BRF:0
BRH:0
end_of_record
TN:
SF:hot_res_djng/hot_res_app/src/styles/animations.js
FN:1,(anonymous_0)
FN:4,(anonymous_1)
FN:9,(anonymous_2)
FN:425,(anonymous_3)
FN:428,(anonymous_4)
FNF:5
FNH:1
FNDA:0,(anonymous_0)
FNDA:0,(anonymous_1)
FNDA:1,(anonymous_2)
FNDA:0,(anonymous_3)
FNDA:0,(anonymous_4)
DA:1,1
DA:2,0
DA:3,0
DA:4,0
DA:9,1
DA:11,1
DA:215,1
DA:420,1
DA:425,1
DA:426,0
DA:427,0
DA:428,0
LF:12
LH:6
BRF:0
BRH:0
end_of_record
